<?xml version="1.0" encoding="UTF-8"?>
<testng-results skipped="0" failed="0" ignored="0" total="1" passed="1">
  <reporter-output>
  </reporter-output>
  <suite name="Suite" duration-ms="34545" started-at="2022-05-02T00:25:19 IST" finished-at="2022-05-02T00:25:53 IST">
    <groups>
    </groups>
    <test name="Test" duration-ms="34545" started-at="2022-05-02T00:25:19 IST" finished-at="2022-05-02T00:25:53 IST">
      <class name="JenkinsMaven.Project01.BrowserHandles">
        <test-method status="PASS" signature="TestCase01(java.lang.String)[pri:0, instance:JenkinsMaven.Project01.BrowserHandles@6ee52dcd]" name="TestCase01" duration-ms="34521" started-at="2022-05-02T00:25:19 IST" finished-at="2022-05-02T00:25:53 IST">
          <params>
            <param index="0">
              <value>
                <![CDATA[Edge]]>
              </value>
            </param>
          </params>
          <reporter-output>
          </reporter-output>
        </test-method> <!-- TestCase01 -->
      </class> <!-- JenkinsMaven.Project01.BrowserHandles -->
    </test> <!-- Test -->
  </suite> <!-- Suite -->
</testng-results>
