<?xml version="1.0" encoding="UTF-8"?>
<testng-results skipped="0" failed="0" ignored="0" total="1" passed="1">
  <reporter-output>
  </reporter-output>
  <suite name="Suite" duration-ms="9600" started-at="2022-04-28T16:30:32 IST" finished-at="2022-04-28T16:30:42 IST">
    <groups>
    </groups>
    <test name="Test" duration-ms="9600" started-at="2022-04-28T16:30:32 IST" finished-at="2022-04-28T16:30:42 IST">
      <class name="JenkinsMaven.Project01.BrowserHandles">
        <test-method status="PASS" signature="TestCase01()[pri:0, instance:JenkinsMaven.Project01.BrowserHandles@1f57539]" name="TestCase01" duration-ms="9583" started-at="2022-04-28T16:30:32 IST" finished-at="2022-04-28T16:30:42 IST">
          <reporter-output>
          </reporter-output>
        </test-method> <!-- TestCase01 -->
      </class> <!-- JenkinsMaven.Project01.BrowserHandles -->
    </test> <!-- Test -->
  </suite> <!-- Suite -->
</testng-results>
